<?xml version="1.0" encoding="UTF-8"?>
<robot generator="Robot 4.1.3 (Python 3.9.8 on win32)" generated="20220404 16:31:17.837" rpa="false" schemaversion="2">
<suite id="s1" name="Tests" source="C:\Users\anavina\PycharmProjects\btv_test_atomation\Tests">
<suite id="s1-s1" name="TC001 Login To BTV Dashboard" source="C:\Users\anavina\PycharmProjects\btv_test_atomation\Tests\TC001_Login_To_BTV_Dashboard.robot">
<test id="s1-s1-t1" name="Scenario: As a SBM user I should be able to login to BTV Dashboard">
<kw name="Launch application" library="Common_Helper" type="SETUP">
<kw name="Launch browser" library="Common_Helper">
<arg>${browser}</arg>
<kw name="Open Browser" library="SeleniumLibrary">
<arg>about:blank</arg>
<arg>${browser}</arg>
<arg>options=add_experimental_option("excludeSwitches", ["enable-logging"])</arg>
<doc>Opens a new browser instance to the optional ``url``.</doc>
<msg timestamp="20220404 16:31:18.384" level="INFO">Opening browser 'Chrome' to base url 'about:blank'.</msg>
<status status="PASS" starttime="20220404 16:31:18.383" endtime="20220404 16:31:20.488"/>
</kw>
<status status="PASS" starttime="20220404 16:31:18.383" endtime="20220404 16:31:20.489"/>
</kw>
<kw name="Input url" library="Common_Helper">
<arg>${url}</arg>
<kw name="Go To" library="SeleniumLibrary">
<arg>${url}</arg>
<doc>Navigates the current browser window to the provided ``url``.</doc>
<msg timestamp="20220404 16:31:20.491" level="INFO">Opening url 'https://smtcat0007prj.rd.corpintra.net/workcenter'</msg>
<status status="PASS" starttime="20220404 16:31:20.491" endtime="20220404 16:32:42.324"/>
</kw>
<kw name="Maximize Browser Window" library="SeleniumLibrary">
<doc>Maximizes current browser window.</doc>
<status status="PASS" starttime="20220404 16:32:42.325" endtime="20220404 16:32:42.457"/>
</kw>
<kw name="Wait till login button displayed" library="Common_Helper">
<kw name="Wait Until Element Is Visible" library="SeleniumLibrary">
<arg>${button_sign_in_id}</arg>
<doc>Waits until the element ``locator`` is visible.</doc>
<status status="PASS" starttime="20220404 16:32:42.458" endtime="20220404 16:32:42.495"/>
</kw>
<status status="PASS" starttime="20220404 16:32:42.457" endtime="20220404 16:32:42.496"/>
</kw>
<status status="PASS" starttime="20220404 16:31:20.489" endtime="20220404 16:32:42.496"/>
</kw>
<status status="PASS" starttime="20220404 16:31:18.383" endtime="20220404 16:32:42.496"/>
</kw>
<kw name="Given I login to application with login id and password" library="Common">
<arg>btv_automation_user</arg>
<arg>test</arg>
<doc>Login to the applicaton with valid login id and password</doc>
<kw name="Login to application" library="Common_Helper">
<arg>${login_id}</arg>
<arg>${password}</arg>
<kw name="Enter username" library="Common_Helper">
<arg>${login_id}</arg>
<kw name="Wait Until Element Is Visible" library="SeleniumLibrary">
<arg>${input_login_id}</arg>
<doc>Waits until the element ``locator`` is visible.</doc>
<status status="PASS" starttime="20220404 16:32:42.497" endtime="20220404 16:32:42.520"/>
</kw>
<kw name="Input Text" library="SeleniumLibrary">
<arg>${input_login_id}</arg>
<arg>${username}</arg>
<arg>True</arg>
<doc>Types the given ``text`` into the text field identified by ``locator``.</doc>
<msg timestamp="20220404 16:32:42.521" level="INFO">Typing text 'btv_automation_user' into text field 'id:authUID'.</msg>
<status status="PASS" starttime="20220404 16:32:42.520" endtime="20220404 16:32:42.595"/>
</kw>
<status status="PASS" starttime="20220404 16:32:42.497" endtime="20220404 16:32:42.596"/>
</kw>
<kw name="Enter password" library="Common_Helper">
<arg>${password}</arg>
<kw name="Wait Until Element Is Visible" library="SeleniumLibrary">
<arg>${input_password_id}</arg>
<doc>Waits until the element ``locator`` is visible.</doc>
<status status="PASS" starttime="20220404 16:32:42.596" endtime="20220404 16:32:42.615"/>
</kw>
<kw name="Input Password" library="SeleniumLibrary">
<arg>${input_password_id}</arg>
<arg>${passowrd}</arg>
<arg>True</arg>
<doc>Types the given password into the text field identified by ``locator``.</doc>
<msg timestamp="20220404 16:32:42.616" level="INFO">Typing password into text field 'id:authPWD'.</msg>
<msg timestamp="20220404 16:32:42.648" level="INFO">Temporally setting log level to: NONE</msg>
<msg timestamp="20220404 16:32:42.680" level="INFO">Log level changed from NONE to INFO.</msg>
<status status="PASS" starttime="20220404 16:32:42.615" endtime="20220404 16:32:42.680"/>
</kw>
<status status="PASS" starttime="20220404 16:32:42.596" endtime="20220404 16:32:42.680"/>
</kw>
<kw name="Click login" library="Common_Helper">
<kw name="Wait Until Element Is Visible" library="SeleniumLibrary">
<arg>${button_sign_in_id}</arg>
<doc>Waits until the element ``locator`` is visible.</doc>
<status status="PASS" starttime="20220404 16:32:42.681" endtime="20220404 16:32:42.696"/>
</kw>
<kw name="Click Button" library="SeleniumLibrary">
<arg>${button_sign_in_id}</arg>
<doc>Clicks the button identified by ``locator``.</doc>
<msg timestamp="20220404 16:32:42.697" level="INFO">Clicking button 'id:logonButton'.</msg>
<status status="PASS" starttime="20220404 16:32:42.696" endtime="20220404 16:33:20.068"/>
</kw>
<status status="PASS" starttime="20220404 16:32:42.680" endtime="20220404 16:33:20.069"/>
</kw>
<kw name="Wait utill dashboard displayed" library="Common_Helper">
<kw name="Wait Until Element Is Visible" library="SeleniumLibrary">
<arg>${text_dashboard_xpath}</arg>
<arg>timeout=30</arg>
<doc>Waits until the element ``locator`` is visible.</doc>
<status status="PASS" starttime="20220404 16:33:20.069" endtime="20220404 16:33:33.002"/>
</kw>
<kw name="Wait Until Element Is Visible" library="SeleniumLibrary">
<arg>${img_daimler_id}</arg>
<arg>timeout=30</arg>
<doc>Waits until the element ``locator`` is visible.</doc>
<status status="PASS" starttime="20220404 16:33:33.003" endtime="20220404 16:33:40.606"/>
</kw>
<status status="PASS" starttime="20220404 16:33:20.069" endtime="20220404 16:33:40.606"/>
</kw>
<status status="PASS" starttime="20220404 16:32:42.497" endtime="20220404 16:33:40.606"/>
</kw>
<status status="PASS" starttime="20220404 16:32:42.496" endtime="20220404 16:33:40.606"/>
</kw>
<kw name="When I select BTV Project" library="LandingPage">
<doc>Selects the BTV project</doc>
<kw name="Click on dropdown" library="LandingPage_Helper">
<kw name="Wait Until Element Is Visible" library="SeleniumLibrary">
<arg>${button_dropdown_id}</arg>
<arg>timeout=30</arg>
<doc>Waits until the element ``locator`` is visible.</doc>
<status status="PASS" starttime="20220404 16:33:40.607" endtime="20220404 16:33:40.624"/>
</kw>
<kw name="Click Button" library="SeleniumLibrary">
<arg>${button_dropdown_id}</arg>
<doc>Clicks the button identified by ``locator``.</doc>
<msg timestamp="20220404 16:33:40.624" level="INFO">Clicking button 'id:dLabel'.</msg>
<msg timestamp="20220404 16:33:40.892" level="INFO" html="true">&lt;/td&gt;&lt;/tr&gt;&lt;tr&gt;&lt;td colspan="3"&gt;&lt;a href="selenium-screenshot-2.png"&gt;&lt;img src="selenium-screenshot-2.png" width="800px"&gt;&lt;/a&gt;</msg>
<msg timestamp="20220404 16:33:40.941" level="FAIL">Button with locator 'id:dLabel' not found.</msg>
<status status="FAIL" starttime="20220404 16:33:40.624" endtime="20220404 16:33:40.941"/>
</kw>
<status status="FAIL" starttime="20220404 16:33:40.607" endtime="20220404 16:33:40.942"/>
</kw>
<status status="FAIL" starttime="20220404 16:33:40.607" endtime="20220404 16:33:40.942"/>
</kw>
<kw name="Exit browser" library="Common_Helper" type="TEARDOWN">
<kw name="Close Browser" library="SeleniumLibrary">
<doc>Closes the current browser.</doc>
<status status="PASS" starttime="20220404 16:33:40.944" endtime="20220404 16:33:43.168"/>
</kw>
<status status="PASS" starttime="20220404 16:33:40.943" endtime="20220404 16:33:43.169"/>
</kw>
<doc>TC_001
As a SBM user after I login I should able to navigate to BTV Dashboard</doc>
<tag>demo</tag>
<status status="FAIL" starttime="20220404 16:31:18.382" endtime="20220404 16:33:43.169">Button with locator 'id:dLabel' not found.</status>
</test>
<doc>This suite validates testcases releated approval task in different state</doc>
<status status="FAIL" starttime="20220404 16:31:17.874" endtime="20220404 16:33:43.202"/>
</suite>
<suite id="s1-s2" name="TC002 Create BTV Project" source="C:\Users\anavina\PycharmProjects\btv_test_atomation\Tests\TC002_Create_BTV_Project.robot">
<test id="s1-s2-t1" name="Scenario: As a SBM user I should be able to login to BTV Dashboard">
<kw name="Launch application" library="Common_Helper" type="SETUP">
<kw name="Launch browser" library="Common_Helper">
<arg>${browser}</arg>
<kw name="Open Browser" library="SeleniumLibrary">
<arg>about:blank</arg>
<arg>${browser}</arg>
<arg>options=add_experimental_option("excludeSwitches", ["enable-logging"])</arg>
<doc>Opens a new browser instance to the optional ``url``.</doc>
<msg timestamp="20220404 16:33:43.243" level="INFO">Opening browser 'Chrome' to base url 'about:blank'.</msg>
<status status="PASS" starttime="20220404 16:33:43.243" endtime="20220404 16:33:44.944"/>
</kw>
<status status="PASS" starttime="20220404 16:33:43.242" endtime="20220404 16:33:44.945"/>
</kw>
<kw name="Input url" library="Common_Helper">
<arg>${url}</arg>
<kw name="Go To" library="SeleniumLibrary">
<arg>${url}</arg>
<doc>Navigates the current browser window to the provided ``url``.</doc>
<msg timestamp="20220404 16:33:44.946" level="INFO">Opening url 'https://smtcat0007prj.rd.corpintra.net/workcenter'</msg>
<msg timestamp="20220404 16:33:53.426" level="WARN">Keyword 'Capture Page Screenshot' could not be run on failure: Message: chrome not reachable
  (Session info: chrome=99.0.4844.84)
Stacktrace:
Backtrace:
	Ordinal0 [0x00967AC3+2587331]
	Ordinal0 [0x008FADD1+2141649]
	Ordinal0 [0x007F3A80+1063552]
	Ordinal0 [0x007E8222+1016354]
	Ordinal0 [0x007E8F85+1019781]
	Ordinal0 [0x007EA292+1024658]
	Ordinal0 [0x007E3F79+999289]
	Ordinal0 [0x007F4EF0+1068784]
	Ordinal0 [0x008481D2+1409490]
	Ordinal0 [0x008384A6+1344678]
	Ordinal0 [0x008153F6+1201142]
	Ordinal0 [0x008162E6+1204966]
	GetHandleVerifier [0x00B0DF22+1680738]
	GetHandleVerifier [0x00BC0DBC+2413564]
	GetHandleVerifier [0x009FD151+563089]
	GetHandleVerifier [0x009FBF13+558419]
	Ordinal0 [0x0090081E+2164766]
	Ordinal0 [0x00905508+2184456]
	Ordinal0 [0x00905650+2184784]
	Ordinal0 [0x0090F5BC+2225596]
	BaseThreadInitThunk [0x753D6359+25]
	RtlGetAppContainerNamedObjectPath [0x77617C24+228]
	RtlGetAppContainerNamedObjectPath [0x77617BF4+180]
</msg>
<msg timestamp="20220404 16:33:53.467" level="FAIL">WebDriverException: Message: unknown error: cannot determine loading status
from disconnected: received Inspector.detached event
  (Session info: chrome=99.0.4844.84)
Stacktrace:
Backtrace:
	Ordinal0 [0x00967AC3+2587331]
	Ordinal0 [0x008FADD1+2141649]
	Ordinal0 [0x007F3BB8+1063864]
	Ordinal0 [0x007E65A0+1009056]
	Ordinal0 [0x007E6173+1007987]
	Ordinal0 [0x007E5780+1005440]
	Ordinal0 [0x007E48B7+1001655]
	Ordinal0 [0x007E4C87+1002631]
	Ordinal0 [0x007F0361+1049441]
	Ordinal0 [0x007E5F2D+1007405]
	Ordinal0 [0x007E6B9E+1010590]
	Ordinal0 [0x007E618E+1008014]
	Ordinal0 [0x007E5780+1005440]
	Ordinal0 [0x007E48B7+1001655]
	Ordinal0 [0x007E4B76+1002358]
	Ordinal0 [0x007F52AA+1069738]
	Ordinal0 [0x00848FBD+1413053]
	Ordinal0 [0x0083868C+1345164]
	Ordinal0 [0x00848A0A+1411594]
	Ordinal0 [0x008384A6+1344678]
	Ordinal0 [0x008153F6+1201142]
	Ordinal0 [0x008162E6+1204966]
	GetHandleVerifier [0x00B0DF22+1680738]
	GetHandleVerifier [0x00BC0DBC+2413564]
	GetHandleVerifier [0x009FD151+563089]
	GetHandleVerifier [0x009FBF13+558419]
	Ordinal0 [0x0090081E+2164766]
	Ordinal0 [0x00905508+2184456]
	Ordinal0 [0x00905650+2184784]
	Ordinal0 [0x0090F5BC+2225596]
	BaseThreadInitThunk [0x753D6359+25]
	RtlGetAppContainerNamedObjectPath [0x77617C24+228]
	RtlGetAppContainerNamedObjectPath [0x77617BF4+180]
</msg>
<status status="FAIL" starttime="20220404 16:33:44.946" endtime="20220404 16:33:53.467"/>
</kw>
<kw name="Maximize Browser Window" library="SeleniumLibrary">
<doc>Maximizes current browser window.</doc>
<status status="NOT RUN" starttime="20220404 16:33:53.468" endtime="20220404 16:33:53.468"/>
</kw>
<kw name="Wait till login button displayed" library="Common_Helper">
<status status="NOT RUN" starttime="20220404 16:33:53.468" endtime="20220404 16:33:53.468"/>
</kw>
<status status="FAIL" starttime="20220404 16:33:44.945" endtime="20220404 16:33:53.468"/>
</kw>
<status status="FAIL" starttime="20220404 16:33:43.242" endtime="20220404 16:33:53.469"/>
</kw>
<kw name="Exit browser" library="Common_Helper" type="TEARDOWN">
<kw name="Close Browser" library="SeleniumLibrary">
<doc>Closes the current browser.</doc>
<status status="PASS" starttime="20220404 16:33:53.470" endtime="20220404 16:33:55.522"/>
</kw>
<status status="PASS" starttime="20220404 16:33:53.469" endtime="20220404 16:33:55.523"/>
</kw>
<doc>TC_001
As a BTV user after I input all required detail in DMP Project and when
I click on OK it go to Project Page</doc>
<tag>demo</tag>
<status status="FAIL" starttime="20220404 16:33:43.241" endtime="20220404 16:33:55.524">Setup failed:
WebDriverException: Message: unknown error: cannot determine loading status
from disconnected: received Inspector.detached event
  (Session info: chrome=99.0.4844.84)
Stacktrace:
Backtrace:
	Ordinal0 [0x00967AC3+2587331]
	Ordinal0 [0x008FADD1+2141649]
	Ordinal0 [0x007F3BB8+1063864]
	Ordinal0 [0x007E65A0+1009056]
	Ordinal0 [0x007E6173+1007987]
	Ordinal0 [0x007E5780+1005440]
	Ordinal0 [0x007E48B7+1001655]
	Ordinal0 [0x007E4C87+1002631]
	Ordinal0 [0x007F0361+1049441]
	Ordinal0 [0x007E5F2D+1007405]
	Ordinal0 [0x007E6B9E+1010590]
	Ordinal0 [0x007E618E+1008014]
	Ordinal0 [0x007E5780+1005440]
	Ordinal0 [0x007E48B7+1001655]
	Ordinal0 [0x007E4B76+1002358]
	Ordinal0 [0x007F52AA+1069738]
	Ordinal0 [0x00848FBD+1413053]
	Ordinal0 [0x0083868C+1345164]
	Ordinal0 [0x00848A0A+1411594]
	Ordinal0 [0x008384A6+1344678]
	Ordinal0 [0x008153F6+1201142]
	Ordinal0 [0x008162E6+1204966]
	GetHandleVerifier [0x00B0DF22+1680738]
	GetHandleVerifier [0x00BC0DBC+2413564]
	GetHandleVerifier [0x009FD151+563089]
	GetHandleVerifier [0x009FBF13+558419]
	Ordinal0 [0x0090081E+2164766]
	Ordinal0 [0x00905508+2184456]
	Ordinal0 [0x00905650+2184784]
	Ordinal0 [0x0090F5BC+2225596]
	BaseThreadInitThunk [0x753D6359+25]
	RtlGetAppContainerNamedObjectPath [0x77617C24+228]
	RtlGetAppContainerNamedObjectPath [0x77617BF4+180]
</status>
</test>
<doc>This suite validates testcases releated approval task in different state</doc>
<status status="FAIL" starttime="20220404 16:33:43.210" endtime="20220404 16:33:55.529"/>
</suite>
<status status="FAIL" starttime="20220404 16:31:17.840" endtime="20220404 16:33:55.534"/>
</suite>
<statistics>
<total>
<stat pass="0" fail="2" skip="0">All Tests</stat>
</total>
<tag>
<stat pass="0" fail="2" skip="0">demo</stat>
</tag>
<suite>
<stat pass="0" fail="2" skip="0" id="s1" name="Tests">Tests</stat>
<stat pass="0" fail="1" skip="0" id="s1-s1" name="TC001 Login To BTV Dashboard">Tests.TC001 Login To BTV Dashboard</stat>
<stat pass="0" fail="1" skip="0" id="s1-s2" name="TC002 Create BTV Project">Tests.TC002 Create BTV Project</stat>
</suite>
</statistics>
<errors>
<msg timestamp="20220404 16:33:53.426" level="WARN">Keyword 'Capture Page Screenshot' could not be run on failure: Message: chrome not reachable
  (Session info: chrome=99.0.4844.84)
Stacktrace:
Backtrace:
	Ordinal0 [0x00967AC3+2587331]
	Ordinal0 [0x008FADD1+2141649]
	Ordinal0 [0x007F3A80+1063552]
	Ordinal0 [0x007E8222+1016354]
	Ordinal0 [0x007E8F85+1019781]
	Ordinal0 [0x007EA292+1024658]
	Ordinal0 [0x007E3F79+999289]
	Ordinal0 [0x007F4EF0+1068784]
	Ordinal0 [0x008481D2+1409490]
	Ordinal0 [0x008384A6+1344678]
	Ordinal0 [0x008153F6+1201142]
	Ordinal0 [0x008162E6+1204966]
	GetHandleVerifier [0x00B0DF22+1680738]
	GetHandleVerifier [0x00BC0DBC+2413564]
	GetHandleVerifier [0x009FD151+563089]
	GetHandleVerifier [0x009FBF13+558419]
	Ordinal0 [0x0090081E+2164766]
	Ordinal0 [0x00905508+2184456]
	Ordinal0 [0x00905650+2184784]
	Ordinal0 [0x0090F5BC+2225596]
	BaseThreadInitThunk [0x753D6359+25]
	RtlGetAppContainerNamedObjectPath [0x77617C24+228]
	RtlGetAppContainerNamedObjectPath [0x77617BF4+180]
</msg>
</errors>
</robot>
